2025-05-28 15:33:40,588 - __main__ - INFO - Настройка демонстрационных задач...
2025-05-28 15:33:40,656 - __main__ - INFO - Настройка демонстрационных магазинов...
2025-05-28 15:33:40,656 - task_manager_store.store - INFO - Добавлен товар в магазин 'Продукты у дома': Хлеб - 50.00 руб. (Хлебобулочные изделия)
2025-05-28 15:33:40,657 - task_manager_store.store - INFO - Добавлен товар в магазин 'Продукты у дома': Молоко - 70.50 руб. (Молочные продукты)
2025-05-28 15:33:40,657 - task_manager_store.store - INFO - Добавлен товар в магазин 'Продукты у дома': Яйца - 120.00 руб. (Молочные продукты)
2025-05-28 15:33:40,657 - task_manager_store.store - INFO - Добавлен товар в магазин 'Продукты у дома': Яблоки - 150.00 руб. (Фрукты и овощи)
2025-05-28 15:33:40,657 - task_manager_store.store - INFO - Создан новый магазин: === Продукты у дома ===
Адрес: ул. Ленина, 1
Товаров в ассортименте: 4
Категории: Молочные продукты, Фрукты и овощи, Хлебобулочные изделия

Ассортимент товаров:

  Молочные продукты:
  - Молоко - 70.50 руб. (Молочные продукты)
  - Яйца - 120.00 руб. (Молочные продукты)

  Фрукты и овощи:
  - Яблоки - 150.00 руб. (Фрукты и овощи)

  Хлебобулочные изделия:
  - Хлеб - 50.00 руб. (Хлебобулочные изделия)
2025-05-28 15:33:40,657 - task_manager_store.store - INFO - Добавлен товар в магазин 'Книжный мир': Война и мир - 1500.00 руб. (Классика)
2025-05-28 15:33:40,658 - task_manager_store.store - INFO - Добавлен товар в магазин 'Книжный мир': 1984 - 800.00 руб. (Антиутопия)
2025-05-28 15:33:40,658 - task_manager_store.store - INFO - Добавлен товар в магазин 'Книжный мир': Мастер и Маргарита - 1200.00 руб. (Классика)
2025-05-28 15:33:40,658 - task_manager_store.store - INFO - Добавлен товар в магазин 'Книжный мир': Python для чайников - 2000.00 руб. (Программирование)
2025-05-28 15:33:40,658 - task_manager_store.store - INFO - Создан новый магазин: === Книжный мир ===
Адрес: пр. Мира, 15
Товаров в ассортименте: 4
Категории: Классика, Программирование, Антиутопия

Ассортимент товаров:

  Антиутопия:
  - 1984 - 800.00 руб. (Антиутопия)

  Классика:
  - Война и мир - 1500.00 руб. (Классика)
  - Мастер и Маргарита - 1200.00 руб. (Классика)

  Программирование:
  - Python для чайников - 2000.00 руб. (Программирование)
2025-05-28 15:33:40,658 - task_manager_store.store - INFO - Добавлен товар в магазин 'ТехноСила': Смартфон X - 25000.00 руб. (Смартфоны)
2025-05-28 15:33:40,658 - task_manager_store.store - INFO - Добавлен товар в магазин 'ТехноСила': Ноутбук Y - 60000.00 руб. (Ноутбуки)
2025-05-28 15:33:40,658 - task_manager_store.store - INFO - Добавлен товар в магазин 'ТехноСила': Наушники Z - 5000.00 руб. (Аксессуары)
2025-05-28 15:33:40,658 - task_manager_store.store - INFO - Добавлен товар в магазин 'ТехноСила': Планшет W - 35000.00 руб. (Планшеты)
2025-05-28 15:33:40,658 - task_manager_store.store - INFO - Создан новый магазин: === ТехноСила ===
Адрес: ул. Гагарина, 42
Товаров в ассортименте: 4
Категории: Смартфоны, Планшеты, Аксессуары, Ноутбуки

Ассортимент товаров:

  Аксессуары:
  - Наушники Z - 5000.00 руб. (Аксессуары)

  Ноутбуки:
  - Ноутбук Y - 60000.00 руб. (Ноутбуки)

  Планшеты:
  - Планшет W - 35000.00 руб. (Планшеты)

  Смартфоны:
  - Смартфон X - 25000.00 руб. (Смартфоны)
2025-05-28 15:33:40,659 - task_manager_store.store - INFO - Добавлен товар в магазин 'Продукты у дома': Сыр - 350.00 руб. (Молочные продукты)
2025-05-28 15:33:40,662 - task_manager_store.store - INFO - Цена товара 'Яблоки' в магазине 'Продукты у дома' обновлена: 150.00 -> 180.00 руб.
2025-05-28 15:33:40,662 - task_manager_store.store - INFO - Товар 'Яйца' удален из магазина 'Продукты у дома'
